e:\v12_projects\misty_encryption_v12.0\misty_encryption_workspace\bin\bin_x64\application.lib
e:\v12_projects\misty_encryption_v12.0\misty_encryption_workspace\bin\bin_x64\application.exp
e:\v12_projects\misty_encryption_v12.0\misty_encryption_workspace\src\simulation\application\x64\debug\vc142.pdb
e:\v12_projects\misty_encryption_v12.0\misty_encryption_workspace\src\simulation\application\x64\debug\vc142.idb
e:\v12_projects\misty_encryption_v12.0\misty_encryption_workspace\src\simulation\application\x64\debug\randomnumber.obj
e:\v12_projects\misty_encryption_v12.0\misty_encryption_workspace\src\simulation\application\x64\debug\multicast.obj
e:\v12_projects\misty_encryption_v12.0\misty_encryption_workspace\src\simulation\application\x64\debug\misty_run.obj
e:\v12_projects\misty_encryption_v12.0\misty_encryption_workspace\src\simulation\application\x64\debug\misty1.obj
e:\v12_projects\misty_encryption_v12.0\misty_encryption_workspace\src\simulation\application\x64\debug\encryption.obj
e:\v12_projects\misty_encryption_v12.0\misty_encryption_workspace\src\simulation\application\x64\debug\emulation_application.obj
e:\v12_projects\misty_encryption_v12.0\misty_encryption_workspace\src\simulation\application\x64\debug\distribution.obj
e:\v12_projects\misty_encryption_v12.0\misty_encryption_workspace\src\simulation\application\x64\debug\des_run.obj
e:\v12_projects\misty_encryption_v12.0\misty_encryption_workspace\src\simulation\application\x64\debug\des.obj
e:\v12_projects\misty_encryption_v12.0\misty_encryption_workspace\src\simulation\application\x64\debug\database_ftp_custom.obj
e:\v12_projects\misty_encryption_v12.0\misty_encryption_workspace\src\simulation\application\x64\debug\coap.obj
e:\v12_projects\misty_encryption_v12.0\misty_encryption_workspace\src\simulation\application\x64\debug\bsm.obj
e:\v12_projects\misty_encryption_v12.0\misty_encryption_workspace\src\simulation\application\x64\debug\application.obj
e:\v12_projects\misty_encryption_v12.0\misty_encryption_workspace\src\simulation\application\x64\debug\aes_run.obj
e:\v12_projects\misty_encryption_v12.0\misty_encryption_workspace\src\simulation\application\x64\debug\aes.obj
e:\v12_projects\misty_encryption_v12.0\misty_encryption_workspace\bin\bin_x64\libapplication.dll
e:\v12_projects\misty_encryption_v12.0\misty_encryption_workspace\bin\bin_x64\application.pdb
e:\v12_projects\misty_encryption_v12.0\misty_encryption_workspace\src\simulation\application\x64\debug\application.tlog\application.write.1u.tlog
e:\v12_projects\misty_encryption_v12.0\misty_encryption_workspace\src\simulation\application\x64\debug\application.tlog\cl.command.1.tlog
e:\v12_projects\misty_encryption_v12.0\misty_encryption_workspace\src\simulation\application\x64\debug\application.tlog\cl.read.1.tlog
e:\v12_projects\misty_encryption_v12.0\misty_encryption_workspace\src\simulation\application\x64\debug\application.tlog\cl.write.1.tlog
e:\v12_projects\misty_encryption_v12.0\misty_encryption_workspace\src\simulation\application\x64\debug\application.tlog\link.command.1.tlog
e:\v12_projects\misty_encryption_v12.0\misty_encryption_workspace\src\simulation\application\x64\debug\application.tlog\link.read.1.tlog
e:\v12_projects\misty_encryption_v12.0\misty_encryption_workspace\src\simulation\application\x64\debug\application.tlog\link.write.1.tlog
